<?xml version="1.0" encoding="UTF-8"?>
<!-- Generated by org.testng.reporters.JUnitReportReporter -->
<testsuite hostname="DESKTOP-OAU1L08" failures="0" tests="1" name="com.hrms.testscripts.TC001" time="6.688" errors="0" timestamp="4 Feb 2023 10:54:20 GMT">
  <testcase classname="com.hrms.testscripts.TC001" name="tc001" time="6.688"/>
</testsuite> <!-- com.hrms.testscripts.TC001 -->
